<?xml version="1.0" encoding="UTF-8"?>
<testng-results skipped="0" failed="1" total="6" passed="5">
  <reporter-output>
  </reporter-output>
  <suite name="FACEBOOK Suite" duration-ms="13063" started-at="2017-08-07T01:40:38Z" finished-at="2017-08-07T01:40:51Z">
    <groups>
    </groups>
    <test name="Login Test" duration-ms="12041" started-at="2017-08-07T01:40:38Z" finished-at="2017-08-07T01:40:50Z">
      <class name="com.selenium.facebook.pom.testcases.LoginTest">
        <test-method status="PASS" signature="test_Login()[pri:0, instance:com.selenium.facebook.pom.testcases.LoginTest@3a893bd6]" name="test_Login" duration-ms="7919" started-at="2017-08-06T21:40:38Z" finished-at="2017-08-06T21:40:46Z">
          <reporter-output>
          </reporter-output>
        </test-method> <!-- test_Login -->
        <test-method status="PASS" signature="quitReport()[pri:0, instance:com.selenium.facebook.pom.testcases.LoginTest@3a893bd6]" name="quitReport" is-config="true" duration-ms="471" started-at="2017-08-06T21:40:46Z" finished-at="2017-08-06T21:40:46Z">
          <reporter-output>
          </reporter-output>
        </test-method> <!-- quitReport -->
        <test-method status="PASS" signature="test_profile()[pri:0, instance:com.selenium.facebook.pom.testcases.LoginTest@3a893bd6]" name="test_profile" duration-ms="1428" started-at="2017-08-06T21:40:46Z" finished-at="2017-08-06T21:40:48Z">
          <reporter-output>
          </reporter-output>
        </test-method> <!-- test_profile -->
        <test-method status="PASS" signature="quitReport()[pri:0, instance:com.selenium.facebook.pom.testcases.LoginTest@3a893bd6]" name="quitReport" is-config="true" duration-ms="177" started-at="2017-08-06T21:40:48Z" finished-at="2017-08-06T21:40:48Z">
          <reporter-output>
          </reporter-output>
        </test-method> <!-- quitReport -->
        <test-method status="PASS" signature="test_4()[pri:0, instance:com.selenium.facebook.pom.testcases.LoginTest@3a893bd6]" name="test_4" duration-ms="3" started-at="2017-08-06T21:40:48Z" finished-at="2017-08-06T21:40:48Z">
          <reporter-output>
          </reporter-output>
        </test-method> <!-- test_4 -->
        <test-method status="PASS" signature="quitReport()[pri:0, instance:com.selenium.facebook.pom.testcases.LoginTest@3a893bd6]" name="quitReport" is-config="true" duration-ms="70" started-at="2017-08-06T21:40:48Z" finished-at="2017-08-06T21:40:48Z">
          <reporter-output>
          </reporter-output>
        </test-method> <!-- quitReport -->
        <test-method status="PASS" signature="test_2()[pri:0, instance:com.selenium.facebook.pom.testcases.LoginTest@3a893bd6]" name="test_2" duration-ms="4" started-at="2017-08-06T21:40:48Z" finished-at="2017-08-06T21:40:48Z">
          <reporter-output>
          </reporter-output>
        </test-method> <!-- test_2 -->
        <test-method status="PASS" signature="quitReport()[pri:0, instance:com.selenium.facebook.pom.testcases.LoginTest@3a893bd6]" name="quitReport" is-config="true" duration-ms="193" started-at="2017-08-06T21:40:48Z" finished-at="2017-08-06T21:40:48Z">
          <reporter-output>
          </reporter-output>
        </test-method> <!-- quitReport -->
        <test-method status="FAIL" signature="test_1()[pri:0, instance:com.selenium.facebook.pom.testcases.LoginTest@3a893bd6]" name="test_1" duration-ms="1687" started-at="2017-08-06T21:40:48Z" finished-at="2017-08-06T21:40:50Z">
          <exception class="java.lang.AssertionError">
            <message>
              <![CDATA[Test Something 1 has been failed]]>
            </message>
            <full-stacktrace>
              <![CDATA[java.lang.AssertionError: Test Something 1 has been failed
	at org.testng.Assert.fail(Assert.java:94)
	at com.selenium.facebook.pom.testcases.base.BaseTest.reportFailure(BaseTest.java:75)
	at com.selenium.facebook.pom.testcases.LoginTest.test_1(LoginTest.java:64)
	at sun.reflect.NativeMethodAccessorImpl.invoke0(Native Method)
	at sun.reflect.NativeMethodAccessorImpl.invoke(NativeMethodAccessorImpl.java:57)
	at sun.reflect.DelegatingMethodAccessorImpl.invoke(DelegatingMethodAccessorImpl.java:43)
	at java.lang.reflect.Method.invoke(Method.java:606)
	at org.testng.internal.MethodInvocationHelper.invokeMethod(MethodInvocationHelper.java:85)
	at org.testng.internal.Invoker.invokeMethod(Invoker.java:639)
	at org.testng.internal.Invoker.invokeTestMethod(Invoker.java:821)
	at org.testng.internal.Invoker.invokeTestMethods(Invoker.java:1131)
	at org.testng.internal.TestMethodWorker.invokeTestMethods(TestMethodWorker.java:124)
	at org.testng.internal.TestMethodWorker.run(TestMethodWorker.java:108)
	at org.testng.TestRunner.privateRun(TestRunner.java:773)
	at org.testng.TestRunner.run(TestRunner.java:623)
	at org.testng.SuiteRunner.runTest(SuiteRunner.java:357)
	at org.testng.SuiteRunner.runSequentially(SuiteRunner.java:352)
	at org.testng.SuiteRunner.privateRun(SuiteRunner.java:310)
	at org.testng.SuiteRunner.run(SuiteRunner.java:259)
	at org.testng.SuiteRunnerWorker.runSuite(SuiteRunnerWorker.java:52)
	at org.testng.SuiteRunnerWorker.run(SuiteRunnerWorker.java:86)
	at org.testng.TestNG.runSuitesSequentially(TestNG.java:1185)
	at org.testng.TestNG.runSuitesLocally(TestNG.java:1110)
	at org.testng.TestNG.run(TestNG.java:1018)
	at org.testng.remote.AbstractRemoteTestNG.run(AbstractRemoteTestNG.java:132)
	at org.testng.remote.RemoteTestNG.initAndRun(RemoteTestNG.java:230)
	at org.testng.remote.RemoteTestNG.main(RemoteTestNG.java:76)
]]>
            </full-stacktrace>
          </exception> <!-- java.lang.AssertionError -->
          <reporter-output>
          </reporter-output>
        </test-method> <!-- test_1 -->
        <test-method status="PASS" signature="quitReport()[pri:0, instance:com.selenium.facebook.pom.testcases.LoginTest@3a893bd6]" name="quitReport" is-config="true" duration-ms="48" started-at="2017-08-06T21:40:50Z" finished-at="2017-08-06T21:40:50Z">
          <reporter-output>
          </reporter-output>
        </test-method> <!-- quitReport -->
      </class> <!-- com.selenium.facebook.pom.testcases.LoginTest -->
    </test> <!-- Login Test -->
    <test name="Change Password Test" duration-ms="1004" started-at="2017-08-07T01:40:50Z" finished-at="2017-08-07T01:40:51Z">
      <class name="com.selenium.facebook.pom.testcases.ChangePasswordTest">
        <test-method status="PASS" signature="cleanup()[pri:0, instance:com.selenium.facebook.pom.testcases.ChangePasswordTest@734784c4]" name="cleanup" is-config="true" duration-ms="13" started-at="2017-08-06T21:40:38Z" finished-at="2017-08-06T21:40:38Z">
          <reporter-output>
          </reporter-output>
        </test-method> <!-- cleanup -->
        <test-method status="PASS" signature="test_ChangePassword()[pri:0, instance:com.selenium.facebook.pom.testcases.ChangePasswordTest@734784c4]" name="test_ChangePassword" duration-ms="958" started-at="2017-08-06T21:40:50Z" finished-at="2017-08-06T21:40:51Z">
          <reporter-output>
          </reporter-output>
        </test-method> <!-- test_ChangePassword -->
        <test-method status="PASS" signature="quitReport()[pri:0, instance:com.selenium.facebook.pom.testcases.ChangePasswordTest@734784c4]" name="quitReport" is-config="true" duration-ms="40" started-at="2017-08-06T21:40:51Z" finished-at="2017-08-06T21:40:51Z">
          <reporter-output>
          </reporter-output>
        </test-method> <!-- quitReport -->
        <test-method status="PASS" signature="teardown()[pri:0, instance:com.selenium.facebook.pom.testcases.ChangePasswordTest@734784c4]" name="teardown" is-config="true" duration-ms="249" started-at="2017-08-06T21:40:51Z" finished-at="2017-08-06T21:40:51Z">
          <reporter-output>
          </reporter-output>
        </test-method> <!-- teardown -->
      </class> <!-- com.selenium.facebook.pom.testcases.ChangePasswordTest -->
    </test> <!-- Change Password Test -->
  </suite> <!-- FACEBOOK Suite -->
</testng-results>
