<?xml version="1.0" encoding="UTF-8"?>
<!-- Generated by org.testng.reporters.JUnitXMLReporter -->
<testsuite hostname="Saikats-MBP.fios-router.home" name="Login Test" tests="5" failures="1" timestamp="7 Aug 2017 01:40:50 GMT" time="12.041" errors="0">
  <testcase name="test_Login" time="7.919" classname="com.selenium.facebook.pom.testcases.LoginTest"/>
  <testcase name="test_profile" time="1.428" classname="com.selenium.facebook.pom.testcases.LoginTest"/>
  <testcase name="test_4" time="0.003" classname="com.selenium.facebook.pom.testcases.LoginTest"/>
  <testcase name="test_2" time="0.004" classname="com.selenium.facebook.pom.testcases.LoginTest"/>
  <testcase name="test_1" time="1.687" classname="com.selenium.facebook.pom.testcases.LoginTest">
    <failure type="java.lang.AssertionError" message="Test Something 1 has been failed">
      <![CDATA[java.lang.AssertionError: Test Something 1 has been failed
	at com.selenium.facebook.pom.testcases.base.BaseTest.reportFailure(BaseTest.java:75)
	at com.selenium.facebook.pom.testcases.LoginTest.test_1(LoginTest.java:64)
... Removed 25 stack frames]]>
    </failure>
  </testcase> <!-- test_1 -->
</testsuite> <!-- Login Test -->
