<?xml version="1.0" encoding="UTF-8"?>
<!-- Generated by org.testng.reporters.JUnitXMLReporter -->
<testsuite hostname="Saikats-MBP.fios-router.home" name="Default test" tests="1" failures="1" timestamp="6 Aug 2017 03:00:11 GMT" time="32.633" errors="0">
  <testcase name="test_ChangePassword" time="32.15" classname="com.selenium.facebook.pom.testcases.ChangePasswordTest">
    <failure type="java.lang.AssertionError" message="Element does not exist. WebElement: Proxy element for: DefaultElementLocator &amp;apos;By.cssSelector: #SettingsPage_Conent li:nth-child(5) a&amp;apos;">
      <![CDATA[java.lang.AssertionError: Element does not exist. WebElement: Proxy element for: DefaultElementLocator 'By.cssSelector: #SettingsPage_Conent li:nth-child(5) a'
	at org.testng.Assert.fail(Assert.java:94)
	at com.selenium.facebook.pom.testcases.base.BaseTest.reportFailure(BaseTest.java:68)
	at com.selenium.facebook.pom.testcases.base.BaseTest.isElementPresent(BaseTest.java:78)
	at com.selenium.facebook.pom.testcases.base.BaseTest.clickButton(BaseTest.java:84)
	at com.selenium.facebook.pom.pages.settings.GeneralSettingsPage.changepassword(GeneralSettingsPage.java:19)
	at com.selenium.facebook.pom.testcases.ChangePasswordTest.test_ChangePassword(ChangePasswordTest.java:40)
	at sun.reflect.NativeMethodAccessorImpl.invoke0(Native Method)
	at sun.reflect.NativeMethodAccessorImpl.invoke(NativeMethodAccessorImpl.java:57)
	at sun.reflect.DelegatingMethodAccessorImpl.invoke(DelegatingMethodAccessorImpl.java:43)
	at java.lang.reflect.Method.invoke(Method.java:606)
	at org.testng.internal.MethodInvocationHelper.invokeMethod(MethodInvocationHelper.java:85)
	at org.testng.internal.Invoker.invokeMethod(Invoker.java:639)
	at org.testng.internal.Invoker.invokeTestMethod(Invoker.java:821)
	at org.testng.internal.Invoker.invokeTestMethods(Invoker.java:1131)
	at org.testng.internal.TestMethodWorker.invokeTestMethods(TestMethodWorker.java:124)
	at org.testng.internal.TestMethodWorker.run(TestMethodWorker.java:108)
	at org.testng.TestRunner.privateRun(TestRunner.java:773)
	at org.testng.TestRunner.run(TestRunner.java:623)
	at org.testng.SuiteRunner.runTest(SuiteRunner.java:357)
	at org.testng.SuiteRunner.runSequentially(SuiteRunner.java:352)
	at org.testng.SuiteRunner.privateRun(SuiteRunner.java:310)
	at org.testng.SuiteRunner.run(SuiteRunner.java:259)
	at org.testng.SuiteRunnerWorker.runSuite(SuiteRunnerWorker.java:52)
	at org.testng.SuiteRunnerWorker.run(SuiteRunnerWorker.java:86)
	at org.testng.TestNG.runSuitesSequentially(TestNG.java:1185)
	at org.testng.TestNG.runSuitesLocally(TestNG.java:1110)
	at org.testng.TestNG.run(TestNG.java:1018)
	at org.testng.remote.AbstractRemoteTestNG.run(AbstractRemoteTestNG.java:132)
	at org.testng.remote.RemoteTestNG.initAndRun(RemoteTestNG.java:230)
	at org.testng.remote.RemoteTestNG.main(RemoteTestNG.java:76)
]]>
    </failure>
  </testcase> <!-- test_ChangePassword -->
</testsuite> <!-- Default test -->
